<?xml version="1.0" encoding="UTF-8" standalone="no"?><testsuite errors="0" failures="1" name="I as admin want to create aircrafts to be used by flights" skipped="0" tests="1" time="3.53" timestamp="2024-11-16 09:02:25"><testcase name="Missing form validation"><failure message="&#10;Expected: a string containing &quot;Error msg&quot;&#10;     but: was &quot;&quot;" type="java.lang.AssertionError">
Expected: a string containing "Error msg"
     but: was ""</failure><system-err>
Expected: a string containing "Error msg"
     but: was ""&#13;
co.com.udea.certificacion.gestiondevuelosa.stepdefinitions.aircraft.AircraftStepDefinition.iGetAMessageError(AircraftStepDefinition.java:53)&#13;
worker.org.gradle.process.internal.worker.GradleWorkerMain.run(GradleWorkerMain.java:69)&#13;
worker.org.gradle.process.internal.worker.GradleWorkerMain.main(GradleWorkerMain.java:74)&#13;
</system-err></testcase></testsuite>